<?xml version="1.0" encoding="UTF-8"?>
<!-- Generated by org.testng.reporters.JUnitReportReporter -->
<testsuite skipped="0" hostname="HJ70R72" name="com.actitime.test.InvalidLogin" tests="1" failures="0" timestamp="08 Aug 2017 09:03:41 GMT" time="31.764" errors="0">
  <testcase name="testInvalidLogin" time="31.764" classname="com.actitime.test.InvalidLogin"/>
</testsuite> <!-- com.actitime.test.InvalidLogin -->
