<?xml version="1.0" encoding="UTF-8"?>
<!-- Generated by org.testng.reporters.JUnitReportReporter -->
<testsuite skipped="0" hostname="QSP-BTM-ATT" name="com.actitime.test.VerifyProductVersion" tests="1" failures="0" timestamp="06 Aug 2017 12:33:22 GMT" time="11.184" errors="0">
  <testcase name="testVerifyProductVersion" time="11.184" classname="com.actitime.test.VerifyProductVersion"/>
</testsuite> <!-- com.actitime.test.VerifyProductVersion -->
