<?xml version="1.0" encoding="UTF-8"?>
<!-- Generated by org.testng.reporters.JUnitReportReporter -->
<testsuite hostname="btm-fac" name="com.actitime.test.TestA" tests="1" failures="0" timestamp="5 Aug 2017 10:59:10 GMT" time="6.829" errors="0">
  <testcase name="testScript" time="6.829" classname="com.actitime.test.TestA"/>
</testsuite> <!-- com.actitime.test.TestA -->
